<?xml version="1.0" encoding="UTF-8"?>
<testng-results skipped="0" failed="0" total="1" passed="1">
  <reporter-output>
  </reporter-output>
  <suite name="Default suite" duration-ms="68437" started-at="2018-10-11T03:38:15Z" finished-at="2018-10-11T03:39:24Z">
    <groups>
    </groups>
    <test name="Default test" duration-ms="68437" started-at="2018-10-11T03:38:15Z" finished-at="2018-10-11T03:39:24Z">
      <class name="Calendar.TestSetOne">
        <test-method status="PASS" signature="BeforTest()[pri:0, instance:Calendar.TestSetOne@2ef5e5e3]" name="BeforTest" is-config="true" duration-ms="12233" started-at="2018-10-10T23:38:15Z" finished-at="2018-10-10T23:38:27Z">
          <reporter-output>
          </reporter-output>
        </test-method> <!-- BeforTest -->
        <test-method status="PASS" signature="TC_103_SearchText()[pri:0, instance:Calendar.TestSetOne@2ef5e5e3]" name="TC_103_SearchText" duration-ms="56172" started-at="2018-10-10T23:38:27Z" finished-at="2018-10-10T23:39:24Z">
          <reporter-output>
          </reporter-output>
        </test-method> <!-- TC_103_SearchText -->
      </class> <!-- Calendar.TestSetOne -->
    </test> <!-- Default test -->
  </suite> <!-- Default suite -->
</testng-results>
